----------------------------------------------------------------------------------------------------
------------------------------------ MegaLinter, by OX Security ------------------------------------
----------------------------------------------------------------------------------------------------
 - Image Creation Date: 2023-05-31T21:57:00Z
 - Image Revision: 0d014ffdef3307ca4a4cd1ddf482fc4f05733d7c
 - Image Version: v7.0.4
----------------------------------------------------------------------------------------------------
The MegaLinter documentation can be found at:
 - https://megalinter.io/7.0.4
----------------------------------------------------------------------------------------------------
::group::MegaLinter initialization (expand for details)
MegaLinter will analyze workspace [/github/workspace]
GITHUB_REPOSITORY: jscheytt/jscheytt.github.io.hugo
GITHUB_REF: refs/pull/5/merge
GITHUB_RUN_ID: 5148147574


[Activation] EDITORCONFIG_EDITORCONFIG_CHECKER has been set inactive, as none of these files has been found: ['.editorconfig']
[Activation] JAVASCRIPT_ES has been set inactive, as none of these files has been found: ['.eslintrc.json', '.eslintrc.yml', '.eslintrc.yaml', '.eslintrc.js', '.eslintrc.cjs', 'package.json:eslintConfig']
[Activation] JSON_NPM_PACKAGE_JSON_LINT has been set inactive, as none of these files has been found: ['package.json']
[Activation] JSX_ESLINT has been set inactive, as none of these files has been found: ['.eslintrc.json', '.eslintrc.yml', '.eslintrc.yaml', '.eslintrc.js', '.eslintrc.cjs', 'package.json:eslintConfig']
[Activation] KUBERNETES_HELM has been set inactive, as none of these files has been found: ['Chart.yml', 'Chart.yaml']
[Activation] KUBERNETES_KUBESCAPE has been set inactive, as none of these files has been found: ['Chart.yml', 'Chart.yaml']
[SemgrepLinter] Deactivated because no ruleset has been defined
[Activation] SPELL_PROSELINT has been set inactive, as none of these files has been found: ['.proselintrc', 'proselint/config.json']
[Activation] SPELL_VALE has been set inactive, as none of these files has been found: ['.vale.ini']
[Activation] SQL_SQLFLUFF has been set inactive, as none of these files has been found: ['.sqlfluff']
[Activation] SWIFT_SWIFTLINT has been set inactive, as none of these files has been found: ['.swiftlint.yml']
[Activation] TSX_ESLINT has been set inactive, as none of these files has been found: ['.eslintrc.json', '.eslintrc.yml', '.eslintrc.yaml', '.eslintrc.js', '.eslintrc.cjs', 'package.json:eslintConfig']
[Activation] TYPESCRIPT_ES has been set inactive, as none of these files has been found: ['.eslintrc.json', '.eslintrc.yml', '.eslintrc.yaml', '.eslintrc.js', '.eslintrc.cjs', 'package.json:eslintConfig']
MARKDOWN_REMARK_LINT has been temporary disabled in MegaLinter, please use a previous MegaLinter version or wait for the next one !
Skipped linters: ANSIBLE_ANSIBLE_LINT, EDITORCONFIG_EDITORCONFIG_CHECKER, HTML_HTMLHINT, JAVASCRIPT_ES, JAVASCRIPT_PRETTIER, JSON_NPM_PACKAGE_JSON_LINT, JSX_ESLINT, KUBERNETES_HELM, KUBERNETES_KUBECONFORM, KUBERNETES_KUBESCAPE, MARKDOWN_MARKDOWN_LINK_CHECK, MARKDOWN_REMARK_LINT, REPOSITORY_SEMGREP, SALESFORCE_SFDX_SCANNER_APEX, SALESFORCE_SFDX_SCANNER_AURA, SALESFORCE_SFDX_SCANNER_LWC, SPELL_CSPELL, SPELL_PROSELINT, SPELL_VALE, SQL_SQLFLUFF, SWIFT_SWIFTLINT, TSX_ESLINT, TYPESCRIPT_ES, TYPESCRIPT_PRETTIER
To receive reports as email, please set variable EMAIL_REPORTER_EMAIL
::endgroup::
::group::MegaLinter now collects the files to analyse (expand for details)
Listing updated files in [/github/workspace] using git diff.
Modified files:
.mega-linter.yml
Makefile
checkmake.ini
content/post/story-first-makefile/helpers/deploy-secret.sh
content/post/story-first-makefile/secrets/helpers/deploy-secret.sh
content/post/story-first-makefile/secrets/helpers/get-ip-addresses.sh
- File extensions: , .R, .RMD, .Rmd, .bash, .bicep, .c, .c++, .cc, .cdxml, .clj, .cljc, .cljs, .coffee, .cpp, .cs, .css, .cu, .cuh, .cxx, .dart, .dash, .edn, .env, .feature, .go, .gradle, .graphql, .groovy, .gvy, .h, .h++, .hcl, .hh, .hpp, .htm, .html, .hxx, .java, .js, .json, .json5, .jsonc, .ksh, .kt, .kts, .lua, .md, .nf, .p6, .php, .pl, .pl6, .pm, .pm6, .pp, .proto, .ps1, .ps1xml, .psd1, .psm1, .psrc, .pssc, .py, .r, .raku, .rakumod, .rakutest, .rb, .rs, .rst, .saas, .scala, .scss, .sh, .smk, .sql, .t, .tex, .tf, .ts, .vb, .xml, .yaml, .yml
- File names (regex): Dockerfile, Jenkinsfile, Makefile, Snakefile
- Excluding .gitignored files [0]: 
Kept [5] files on [6] found files

+----MATCHING LINTERS-----+----------------------+----------------+------------+
| Descriptor | Linter     | Criteria             | Matching files | Format/Fix |
+------------+------------+----------------------+----------------+------------+
| BASH       | bash-exec  | .sh|.bash|.dash|.ksh | 3              | no         |
| BASH       | shellcheck | .sh|.bash|.dash|.ksh | 3              | no         |
| BASH       | shfmt      | .sh|.bash|.dash|.ksh | 3              | yes        |
| COPYPASTE  | jscpd      |                      | project        | no         |
| MAKEFILE   | checkmake  | Makefile             | 1              | no         |
| REPOSITORY | checkov    |                      | project        | no         |
| REPOSITORY | devskim    |                      | project        | no         |
| REPOSITORY | dustilock  |                      | project        | no         |
| REPOSITORY | git_diff   |                      | project        | no         |
| REPOSITORY | gitleaks   |                      | project        | no         |
| REPOSITORY | kics       |                      | project        | no         |
| REPOSITORY | secretlint |                      | project        | no         |
| REPOSITORY | syft       |                      | project        | no         |
| REPOSITORY | trivy      |                      | project        | no         |
| YAML       | prettier   | .yml|.yaml           | 1              | yes        |
| YAML       | yamllint   | .yml|.yaml           | 1              | no         |
| YAML       | v8r        | .yml|.yaml           | 1              | no         |
+------------+------------+----------------------+----------------+------------+
::endgroup::
Processing linters on [2] parallel cores…
::group::[32m✅ Linted [BASH] files with [shfmt] successfully - (0.09s)[0m (expand for details)
- Using [shfmt v3.6.0] https://megalinter.io/7.0.4/descriptors/bash_shfmt
- MegaLinter key: [BASH_SHFMT]
- Rules config: identified by [shfmt]
- Number of files analyzed: [3]
::endgroup::
::group::[32m✅ Linted [YAML] files with [prettier] successfully - (0.79s)[0m (expand for details)
- Using [prettier v2.8.8] https://megalinter.io/7.0.4/descriptors/yaml_prettier
- MegaLinter key: [YAML_PRETTIER]
- Rules config: identified by [prettier]
- Number of files analyzed: [1]
::endgroup::
::group::[32m✅ Linted [REPOSITORY] files with [devskim] successfully - (1.37s)[0m (expand for details)
- Using [devskim v0.7.104] https://megalinter.io/7.0.4/descriptors/repository_devskim
- MegaLinter key: [REPOSITORY_DEVSKIM]
- Rules config: identified by [devskim]
::endgroup::
::group::[32m✅ Linted [COPYPASTE] files with [jscpd] successfully - (2.3s)[0m (expand for details)
- Using [jscpd v3.5.9] https://megalinter.io/7.0.4/descriptors/copypaste_jscpd
- MegaLinter key: [COPYPASTE_JSCPD]
- Rules config: [.jscpd.json]
::endgroup::
::group::[32m✅ Linted [REPOSITORY] files with [secretlint] successfully - (1.36s)[0m (expand for details)
- Using [secretlint v6.2.3] https://megalinter.io/7.0.4/descriptors/repository_secretlint
- MegaLinter key: [REPOSITORY_SECRETLINT]
- Rules config: [.secretlintrc.json]
- Ignore file: [.secretlintignore]
::endgroup::
::group::[32m✅ Linted [YAML] files with [v8r] successfully - (3.76s)[0m (expand for details)
- Using [v8r v2.0.0] https://megalinter.io/7.0.4/descriptors/yaml_v8r
- MegaLinter key: [YAML_V8R]
- Rules config: identified by [v8r]
- Number of files analyzed: [1]
::endgroup::
::group::[32m✅ Linted [REPOSITORY] files with [checkov] successfully - (15.84s)[0m (expand for details)
- Using [checkov v2.3.267] https://megalinter.io/7.0.4/descriptors/repository_checkov
- MegaLinter key: [REPOSITORY_CHECKOV]
- Rules config: [/github/workspace/.checkov.yml]
::endgroup::
::group::[32m✅ Linted [REPOSITORY] files with [kics] successfully - (17.41s)[0m (expand for details)
- Using [kics v1.7.1] https://megalinter.io/7.0.4/descriptors/repository_kics
- MegaLinter key: [REPOSITORY_KICS]
- Rules config: identified by [kics]
::endgroup::
::group::[32m✅ Linted [BASH] files with [bash-exec] successfully - (0.03s)[0m (expand for details)
- Using [bash-exec v5.2.15] https://megalinter.io/7.0.4/descriptors/bash_bash_exec
- MegaLinter key: [BASH_EXEC]
- Rules config: identified by [bash-exec]
- Number of files analyzed: [3]
::endgroup::
::group::[32m✅ Linted [BASH] files with [shellcheck] successfully - (0.13s)[0m (expand for details)
- Using [shellcheck v0.9.0] https://megalinter.io/7.0.4/descriptors/bash_shellcheck
- MegaLinter key: [BASH_SHELLCHECK]
- Rules config: identified by [shellcheck]
- Number of files analyzed: [3]
::endgroup::
::group::[32m✅ Linted [MAKEFILE] files with [checkmake] successfully - (0.04s)[0m (expand for details)
- Using [checkmake v0.2.0] https://megalinter.io/7.0.4/descriptors/makefile_checkmake
- MegaLinter key: [MAKEFILE_CHECKMAKE]
- Rules config: identified by [checkmake]
- Number of files analyzed: [1]
::endgroup::
::group::[32m✅ Linted [REPOSITORY] files with [dustilock] successfully - (0.04s)[0m (expand for details)
- Using [dustilock v1.2.0] https://megalinter.io/7.0.4/descriptors/repository_dustilock
- MegaLinter key: [REPOSITORY_DUSTILOCK]
- Rules config: identified by [dustilock]
::endgroup::
::group::[32m✅ Linted [REPOSITORY] files with [gitleaks] successfully - (0.46s)[0m (expand for details)
- Using [gitleaks v8.16.3] https://megalinter.io/7.0.4/descriptors/repository_gitleaks
- MegaLinter key: [REPOSITORY_GITLEAKS]
- Rules config: [.gitleaks.toml]
::endgroup::
::group::[32m✅ Linted [REPOSITORY] files with [syft] successfully - (0.34s)[0m (expand for details)
- Using [syft v0.82.0] https://megalinter.io/7.0.4/descriptors/repository_syft
- MegaLinter key: [REPOSITORY_SYFT]
- Rules config: identified by [syft]
::endgroup::
::group::[32m✅ Linted [YAML] files with [yamllint] successfully - (0.48s)[0m (expand for details)
- Using [yamllint v1.32.0] https://megalinter.io/7.0.4/descriptors/yaml_yamllint
- MegaLinter key: [YAML_YAMLLINT]
- Rules config: [.yamllint.yml]
- Number of files analyzed: [1]
::endgroup::
::group::[32m✅ Linted [REPOSITORY] files with [git_diff] successfully - (0.13s)[0m (expand for details)
- Using [git_diff v2.38.5] https://megalinter.io/7.0.4/descriptors/repository_git_diff
- MegaLinter key: [REPOSITORY_GIT_DIFF]
- Rules config: identified by [git_diff]
::endgroup::
::group::[32m✅ Linted [REPOSITORY] files with [trivy] successfully - (6.45s)[0m (expand for details)
- Using [trivy v0.41.0] https://megalinter.io/7.0.4/descriptors/repository_trivy
- MegaLinter key: [REPOSITORY_TRIVY]
- Rules config: identified by [trivy]
::endgroup::

+----SUMMARY----+------------+---------------+-------+-------+--------+--------------+
| Descriptor    | Linter     | Mode          | Files | Fixed | Errors | Elapsed time |
+---------------+------------+---------------+-------+-------+--------+--------------+
| ✅ BASH       | bash-exec  | file          |     3 |       |      0 |        0.03s |
| ✅ BASH       | shellcheck | list_of_files |     3 |       |      0 |        0.13s |
| ✅ BASH       | shfmt      | list_of_files |     3 |     3 |      0 |        0.09s |
| ✅ COPYPASTE  | jscpd      | project       |   n/a |       |      0 |         2.3s |
| ✅ MAKEFILE   | checkmake  | file          |     1 |       |      0 |        0.04s |
| ✅ REPOSITORY | checkov    | project       |   n/a |       |      0 |       15.84s |
| ✅ REPOSITORY | devskim    | project       |   n/a |       |      0 |        1.37s |
| ✅ REPOSITORY | dustilock  | project       |   n/a |       |      0 |        0.04s |
| ✅ REPOSITORY | gitleaks   | project       |   n/a |       |      0 |        0.46s |
| ✅ REPOSITORY | git_diff   | project       |   n/a |       |      0 |        0.13s |
| ✅ REPOSITORY | kics       | project       |   n/a |       |      0 |       17.41s |
| ✅ REPOSITORY | secretlint | project       |   n/a |       |      0 |        1.36s |
| ✅ REPOSITORY | syft       | project       |   n/a |       |      0 |        0.34s |
| ✅ REPOSITORY | trivy      | project       |   n/a |       |      0 |        6.45s |
| ✅ YAML       | prettier   | list_of_files |     1 |     0 |      0 |        0.79s |
| ✅ YAML       | v8r        | list_of_files |     1 |       |      0 |        3.76s |
| ✅ YAML       | yamllint   | list_of_files |     1 |       |      0 |        0.48s |
+---------------+------------+---------------+-------+-------+--------+--------------+

[GitHub Comment Reporter] Posted summary as comment on jscheytt/jscheytt.github.io.hugo #PR5
[Updated Sources Reporter] copied 3 fixed source files in folder /github/workspace/megalinter-reports/updated_sources.
Download it from artifacts then copy-paste it in your local repo to apply linters updates
[32m✅ Successfully linted all files without errors[0m
